    1  docker stop centos7
    2  exit
    3  ls
    4  ls -a
    5  ls -l
    6  ls -la
    7  ls
    8  ls /usr
    9  pw
   10  pwd
   11  cd ~
   12  ls
   13  pwd
   14  ls
   15  cd -
   16  ls
   17  cd /root
   18  pwd
   19  cd usr
   20  cd /root
   21  cd usr
   22  cd /usr
   23  ls
   24  pwd
   25  cd /
   26  ls
   27  mkdir home/test1
   28  cd home
   29  ls
   30  mkdir test2/test3
   31  mkdir test2
   32  mkdir test2/test3
   33  ls
   34  cd test2
   35  ls
   36  rm test2
   37  rm -f test2
   38  ls
   39  cd ..
   40  ls
   41  rm test2
   42  rm -f test2
   43  rm -rf test2
   44  ls
   45  mkdir -p test2/test3
   46  ls
   47  ls test2
   48  cd /home
   49  ls
   50  touch test1/index.php
   51  ls test1
   52  cd /home/test1 && ls
   53  ls
   54  cd /home/test1
   55  cp index.php copy.php
   56  ls
   57  cd /home
   58  cp -r test1 test4
   59  ls
   60  ls test4
   61  cd /home
   62  ls
   63  mv test2/test3 test3
   64  ls
   65  mv test4 test1_copy
   66  ls
   67  ls test1
   68  rm test1/copy.php 
   69  ls test1
   70  rm -r test3
   71  ls
   72  rm test1_copy/*.php
   73  ls test1_copy
   74  ls
   75  ls test1/
   76  ls test_copy
   77  ls test1_copy/
   78  ls test2/
   79  cat README.md
   80  echo '# Hello World' > README.md
   81  ls
   82  cat README.md 
   83  echo '# Server Lesson' > README.md 
   84  cat README.md 
   85  echo 'Linux Practice' >> README.md 
   86  echo '---------------------' >> README.md 
   87  cat README.md 
   88  cd /home
   89  vi README.md
   90  ls
   91  cat README.md 
   92  cd /root
   93  ls
   94  mkdir server_lesson && cd server_lesson
   95  ls
   96  yum update -y && -y install git
   97  git version
   98  git version
   99  git -v
  100  yum update -y
  101  yum -y install git
  102  git version
  103  ls
  104  git init
  105  ls -a
  106  touch first.txt
  107  git status
  108  git add .
  109  git commit -m "server_lesson ãƒ‡ã‚£ãƒ¬ã‚¯ãƒˆãƒªä½œæˆ first.txtä½œaaaaaa
  110  git status
  111  git commit -m "server_lessonãƒ‡ã‚£ãƒ¬ã‚¯ãƒˆãƒªä½œæˆ first.txtä½œæˆ"
  112  mkdir public && touch public/index.php
  113  ls
  114  ls public/
  115  git add .
  116  git commit -m "ç·´ç¿’1-1å®Œäº†"
  117  ls
  118  ls
  119  mkdir linux_practice1
  120  ls
  121  mv public linux_practice1/public
  122  ls
  123  cd linux_practice1/
  124  ls
  125  ls public/
  126  cd ..
  127  ls
  128  git add .
  129  git commit -m "ç·´ç¿’å•é¡Œ1-1ã‚’ä¿®æ­£ã—ã¾ã—ãŸ"
  130  cp linux_practice1/public/index.php linux_practice1/public/index_bk.php
  131  ls linux_practice1/public/
  132  git add .
  133  git commit-m "ç·´ç¿’ï¼‘âˆ’ï¼’å®Œäº†"
  134  git log
  135  git logs
  136  git log
  137  ls
  138  cp linux_practice1/public linux_practice1/tmp/
  139  cp -p linux_practice1/public linux_practice1/tmp/
  140  cp -r linux_practice1/public linux_practice1/tmp/
  141  ls
  142  ls linux_practice1/
  143  ls linux_practice1/tmp/
  144  git add .
  145  git commit -m "ç·´ç¿’å•é¡Œï¼‘âˆ’ï¼“å®Œäº†"
  146  git log
  147  git status
  148   git config --global user.email "you@example.com"
  149   git config --global user.email "you@example.com"
  150  git config --global user.email "suzukitech0909@gmail.com"
  151  git config --global user.name "suzuki"
  152  git commit -m "ç·´ç¿’å•é¡Œï¼‘âˆ’ï¼“å®Œäº†"
  153  git log
  154  ls
  155  rm linux_practice1/tmp/index_bk.php 
  156  git status
  157  ls
  158  ls linux_practice1/
  159  ls linux_practice1/public/
  160  ls linux_practice1/tmp/
  161  git add .
  162  git status
  163  git commit -m "ç·´ç¿’1-4å®Œäº†"
  164  git add .
  165  git status
  166  git commit -m "ç·´ç¿’1-4å®Œäº†"
  167  git add .
  168  git add -A
  169  git add -A .
  170  git status
  171  git add .
  172  git commit -m "ç·´ç¿’1-4å®Œäº†"
  173  git log
  174  ls
  175  touch README.md
  176  vim README.md 
  177  vi README.md 
  178  cat README.md 
  179  git add .
  180  git commit -m "ç·ç·´ç¿’ï¼‘âˆ’ï¼•å®Œäº†ã—ã¾ã—ãŸ"
  181  git remote add origin https://github.com/Suzuki-G/server_lesson.git
  182  git remote -v
  183  git branch
  184  git push origin master
  185  git push origin master
  186  git push origin master
  187  ls
  188  mkdir linux_practice2/documents
  189  mkdir -p linux_practice2/documents
  190  ls
  191  ls linux_practice2/documents/
  192  touch linux_practice2/documents/gizumo{01...50}.md
  193  ls linux_practice2/documents/
  194  rm linux_practice2/documents/gizumo\{01...50\}.md 
  195  rm linux_practice2/documents/gizumo\{01..50\}.md 
  196  ls linux_practice2/documents/
  197  ls linux_practice2/documents/
  198  touch linux_practice2/documents/gizumo{01..50}
  199  ls linux_practice2/documents/
  200  git add .
  201  git commit -m "ç·´ç¿’ï¼’âˆ’ï¼‘å®Œäº†"
  202  mkdir linux_practice2/trash
  203  mv linux_practice2/documents/gizumo2?.md linux_practice2/trash/
  204  mv linux_practice2/documents/gizumo2* linux_practice2/trash/
  205  ls linux_practice2/trash/
  206  mv linux_practice2/documents/gizumo3* linux_practice2/trash/
  207  mv linux_practice2/documents/gizumo40 linux_practice2/trash/
  208  ls linux_practice2/trash/
  209  cat README.md 
  210  git add .
  211  git add -A .
  212  git commit -m "ç·´ç¿’ï¼’âˆ’ï¼’å®Œäº†"
  213  vi README.md 
  214  git add .
  215  git commit -m "README.mdã«catã‚³ãƒžãƒ³ãƒ‰ã®è¨˜è¿°è¿½è¨˜"
  216  touch linux_practice2/.gitignore
  217  git add .
  218  git commit -m "ç·´ç¿’ï¼’âˆ’ï¼“å®Œäº†"
  219  vi linux_practice2/.gitignore
  220  cat linux_practice2/.gitignore 
  221  git add .
  222  git commit -m "ç·´ç¿’2-4å®Œäº†"
  223  history 300
  224  echo history 300 > linux_practice2/exec_command.log
  225  cat linux_practice2/exec_command.log 
  226  history 300 > linux_practice2/exec_command.log
